app/build/intermediates/manifest_merge_blame_file/release/manifest-merger-blame-release-report.txt
1<?xml version="1.0" encoding="utf-8"?>
2<manifest xmlns:android="http://schemas.android.com/apk/res/android"
3    package="com.yit.villaman2"
4    android:versionCode="310"
5    android:versionName="3.1.0" >
6
7    <uses-sdk
8        android:minSdkVersion="17"
8-->src\main\AndroidManifest.xml
9        android:targetSdkVersion="28" />
9-->src\main\AndroidManifest.xml
10
11    <uses-permission android:name="android.permission.CAMERA" />
11-->src\main\AndroidManifest.xml:110:5-65
11-->src\main\AndroidManifest.xml:110:22-62
12    <uses-permission android:name="android.permission.INTERNET" />
12-->src\main\AndroidManifest.xml:111:5-67
12-->src\main\AndroidManifest.xml:111:22-64
13    <uses-permission android:name="android.permission.READ_PHONE_STATE" />
13-->src\main\AndroidManifest.xml:112:5-75
13-->src\main\AndroidManifest.xml:112:22-72
14    <uses-permission android:name="android.permission.ACCESS_COARSE_LOCATION" />
14-->src\main\AndroidManifest.xml:113:5-81
14-->src\main\AndroidManifest.xml:113:22-78
15    <uses-permission android:name="android.permission.ACCESS_FINE_LOCATION" />
15-->src\main\AndroidManifest.xml:114:5-79
15-->src\main\AndroidManifest.xml:114:22-76
16    <uses-permission android:name="android.permission.CALL_PHONE" />
16-->src\main\AndroidManifest.xml:115:5-69
16-->src\main\AndroidManifest.xml:115:22-66
17    <uses-permission android:name="android.permission.READ_EXTERNAL_STORAGE" />
17-->src\main\AndroidManifest.xml:116:5-80
17-->src\main\AndroidManifest.xml:116:22-77
18    <uses-permission android:name="android.permission.WRITE_EXTERNAL_STORAGE" />
18-->src\main\AndroidManifest.xml:117:5-81
18-->src\main\AndroidManifest.xml:117:22-78
19    <uses-permission android:name="android.permission.ACCESS_NETWORK_STATE" />
19-->src\main\AndroidManifest.xml:118:5-79
19-->src\main\AndroidManifest.xml:118:22-76
20    <uses-permission android:name="android.permission.SYSTEM_ALERT_WINDOW" />
20-->src\main\AndroidManifest.xml:120:5-78
20-->src\main\AndroidManifest.xml:120:22-75
21    <uses-permission android:name="android.permission.WAKE_LOCK" /> <!-- Required by older versions of Google Play services to create IID tokens -->
21-->[com.google.android.gms:play-services-measurement-api:17.2.1] AndroidManifest.xml:24:5-68
21-->[com.google.android.gms:play-services-measurement-api:17.2.1] AndroidManifest.xml:24:22-65
22    <uses-permission android:name="com.google.android.c2dm.permission.RECEIVE" />
22-->[com.google.firebase:firebase-iid:20.0.2] AndroidManifest.xml:26:5-82
22-->[com.google.firebase:firebase-iid:20.0.2] AndroidManifest.xml:26:22-79
23    <uses-permission android:name="com.google.android.finsky.permission.BIND_GET_INSTALL_REFERRER_SERVICE" />
23-->[com.google.android.gms:play-services-measurement:17.2.1] AndroidManifest.xml:26:5-110
23-->[com.google.android.gms:play-services-measurement:17.2.1] AndroidManifest.xml:26:22-107
24
25    <application
25-->src\main\AndroidManifest.xml:8:5-108:19
26        android:name="androidx.multidex.MultiDexApplication"
27        android:allowBackup="true"
27-->src\main\AndroidManifest.xml:9:5-31
28        android:appComponentFactory="androidx.core.app.CoreComponentFactory"
28-->[androidx.core:core:1.1.0] AndroidManifest.xml:24:18-86
29        android:gravity="right"
29-->src\main\AndroidManifest.xml:13:9-32
30        android:hardwareAccelerated="true"
30-->src\main\AndroidManifest.xml:12:9-43
31        android:icon="@drawable/home"
31-->src\main\AndroidManifest.xml:10:9-38
32        android:label="@string/app_name"
32-->src\main\AndroidManifest.xml:11:9-41
33        android:largeHeap="true"
33-->src\main\AndroidManifest.xml:14:9-33
34        android:textSize="@dimen/px8"
34-->src\main\AndroidManifest.xml:15:9-38
35        android:theme="@style/AppBaseTheme"
35-->src\main\AndroidManifest.xml:16:9-44
36        android:usesCleartextTraffic="true" >
36-->src\main\AndroidManifest.xml:17:9-44
37
38        <!-- android:theme="@style/AppTheme.NoActionBar" -->
39        <!-- android:theme="@style/Theme.Transparent" -->
40
41        <activity
41-->src\main\AndroidManifest.xml:22:9-42:20
42            android:name="com.yit.villaman2.MainActivity"
42-->src\main\AndroidManifest.xml:23:13-41
43            android:configChanges="keyboard|keyboardHidden|orientation|uiMode|screenSize"
43-->src\main\AndroidManifest.xml:26:13-90
44            android:screenOrientation="portrait"
44-->src\main\AndroidManifest.xml:25:13-49
45            android:theme="@style/AppTheme.NoActionBar" >
45-->src\main\AndroidManifest.xml:24:13-56
46            <intent-filter>
46-->src\main\AndroidManifest.xml:27:13-30:29
47                <action android:name="android.intent.action.MAIN" />
47-->src\main\AndroidManifest.xml:28:17-69
47-->src\main\AndroidManifest.xml:28:25-66
48
49                <category android:name="android.intent.category.LAUNCHER" />
49-->src\main\AndroidManifest.xml:29:17-77
49-->src\main\AndroidManifest.xml:29:27-74
50            </intent-filter>
51            <intent-filter>
51-->src\main\AndroidManifest.xml:31:13-41:29
52                <action android:name="android.intent.action.VIEW" />
52-->src\main\AndroidManifest.xml:32:17-69
52-->src\main\AndroidManifest.xml:32:25-66
53
54                <category android:name="android.intent.category.DEFAULT" />
54-->src\main\AndroidManifest.xml:34:17-76
54-->src\main\AndroidManifest.xml:34:27-73
55                <category android:name="android.intent.category.BROWSABLE" />
55-->src\main\AndroidManifest.xml:35:17-78
55-->src\main\AndroidManifest.xml:35:27-75
56
57                <data
57-->src\main\AndroidManifest.xml:37:17-40:53
58                    android:host="www.recipe-app.com"
58-->src\main\AndroidManifest.xml:39:21-54
59                    android:pathPattern="/recipe"
59-->src\main\AndroidManifest.xml:40:21-50
60                    android:scheme="https" />
60-->src\main\AndroidManifest.xml:38:21-43
61            </intent-filter>
62        </activity>
63        <activity
63-->src\main\AndroidManifest.xml:44:9-48:115
64            android:name="permission.PermissionActivity"
64-->src\main\AndroidManifest.xml:45:13-57
65            android:configChanges="keyboard|keyboardHidden|orientation|screenLayout|uiMode|screenSize"
65-->src\main\AndroidManifest.xml:48:13-103
66            android:screenOrientation="portrait"
66-->src\main\AndroidManifest.xml:47:13-49
67            android:theme="@style/AppTheme.NoActionBar" />
67-->src\main\AndroidManifest.xml:46:13-56
68        <activity
68-->src\main\AndroidManifest.xml:49:9-53:68
69            android:name="com.yit.villaman2.PictureActivity"
69-->src\main\AndroidManifest.xml:50:13-44
70            android:configChanges="keyboard|keyboardHidden|orientation|screenLayout|uiMode|screenSize"
70-->src\main\AndroidManifest.xml:51:13-103
71            android:screenOrientation="portrait"
71-->src\main\AndroidManifest.xml:52:13-49
72            android:theme="@style/AppTheme.NoActionBar" />
72-->src\main\AndroidManifest.xml:53:13-56
73        <activity
73-->src\main\AndroidManifest.xml:54:9-58:68
74            android:name="multi_image_selector.MultiImageSelectorActivity"
74-->src\main\AndroidManifest.xml:55:13-75
75            android:configChanges="keyboard|keyboardHidden|orientation|screenLayout|uiMode|screenSize"
75-->src\main\AndroidManifest.xml:56:13-103
76            android:screenOrientation="portrait"
76-->src\main\AndroidManifest.xml:57:13-49
77            android:theme="@style/AppTheme.NoActionBar" />
77-->src\main\AndroidManifest.xml:58:13-56
78        <activity
78-->src\main\AndroidManifest.xml:59:9-63:68
79            android:name="multi_image_selector.MultiImageNameCardActivity"
79-->src\main\AndroidManifest.xml:60:13-75
80            android:configChanges="keyboard|keyboardHidden|orientation|screenLayout|uiMode|screenSize"
80-->src\main\AndroidManifest.xml:61:13-103
81            android:screenOrientation="portrait"
81-->src\main\AndroidManifest.xml:62:13-49
82            android:theme="@style/AppTheme.NoActionBar" />
82-->src\main\AndroidManifest.xml:63:13-56
83        <activity
83-->src\main\AndroidManifest.xml:65:9-69:68
84            android:name="com.yit.villaman2.IntroActivity"
84-->src\main\AndroidManifest.xml:66:13-42
85            android:configChanges="keyboard|keyboardHidden|orientation|screenLayout|uiMode|screenSize"
85-->src\main\AndroidManifest.xml:67:13-103
86            android:screenOrientation="portrait"
86-->src\main\AndroidManifest.xml:68:13-49
87            android:theme="@style/AppTheme.NoActionBar" />
87-->src\main\AndroidManifest.xml:69:13-56
88
89        <!--
90        activity android:name="com.yit.villaman2.IntroActivity"
91            android:launchMode="singleInstance" android:excludeFromRecents="true"
92            android:taskAffinity="" android:theme="@style/Theme.AppCompat.Dialog">
93        </activity
94        -->
95
96        <service
96-->src\main\AndroidManifest.xml:76:9-83:19
97            android:name="com.yit.villaman2.MyFireBaseMessagingService"
97-->src\main\AndroidManifest.xml:77:13-55
98            android:enabled="true"
98-->src\main\AndroidManifest.xml:78:13-35
99            android:exported="true" >
99-->src\main\AndroidManifest.xml:79:13-36
100            <intent-filter>
100-->src\main\AndroidManifest.xml:80:13-82:29
101                <action android:name="com.google.firebase.MESSAGING_EVENT" />
101-->src\main\AndroidManifest.xml:81:17-78
101-->src\main\AndroidManifest.xml:81:25-75
102            </intent-filter>
103        </service>
104
105        <meta-data
105-->src\main\AndroidManifest.xml:87:9-89:48
106            android:name="com.google.firebase.messaging.default_notification_icon"
106-->src\main\AndroidManifest.xml:88:13-83
107            android:resource="@drawable/home" />
107-->src\main\AndroidManifest.xml:89:13-46
108        <meta-data
108-->src\main\AndroidManifest.xml:90:9-92:52
109            android:name="com.google.firebase.messaging.default_notification_color"
109-->src\main\AndroidManifest.xml:91:13-84
110            android:resource="@color/colorAccent" />
110-->src\main\AndroidManifest.xml:92:13-50
111        <meta-data
111-->src\main\AndroidManifest.xml:96:9-98:64
112            android:name="com.kakao.sdk.AppKey"
112-->src\main\AndroidManifest.xml:97:13-48
113            android:value="ae5cce9eac3e734e0b463cda4e79358b" />
113-->src\main\AndroidManifest.xml:98:13-61
114
115        <uses-library
115-->src\main\AndroidManifest.xml:100:9-102:40
116            android:name="org.apache.http.legacy"
116-->src\main\AndroidManifest.xml:101:13-50
117            android:required="false" />
117-->src\main\AndroidManifest.xml:102:13-37
118
119        <receiver android:name="com.yit.villaman2.TestBroadCast" >
119-->src\main\AndroidManifest.xml:105:9-106:20
119-->src\main\AndroidManifest.xml:105:19-65
120        </receiver>
121
122        <provider
122-->[com.squareup.picasso:picasso:2.71828] AndroidManifest.xml:8:9-11:40
123            android:name="com.squareup.picasso.PicassoProvider"
123-->[com.squareup.picasso:picasso:2.71828] AndroidManifest.xml:9:13-64
124            android:authorities="com.yit.villaman2.com.squareup.picasso"
124-->[com.squareup.picasso:picasso:2.71828] AndroidManifest.xml:10:13-72
125            android:exported="false" />
125-->[com.squareup.picasso:picasso:2.71828] AndroidManifest.xml:11:13-37
126
127        <activity
127-->[com.google.firebase:firebase-auth:19.2.0] AndroidManifest.xml:24:9-31:50
128            android:name="com.google.firebase.auth.internal.FederatedSignInActivity"
128-->[com.google.firebase:firebase-auth:19.2.0] AndroidManifest.xml:25:13-85
129            android:excludeFromRecents="true"
129-->[com.google.firebase:firebase-auth:19.2.0] AndroidManifest.xml:26:13-46
130            android:exported="true"
130-->[com.google.firebase:firebase-auth:19.2.0] AndroidManifest.xml:27:13-36
131            android:launchMode="singleTask"
131-->[com.google.firebase:firebase-auth:19.2.0] AndroidManifest.xml:28:13-44
132            android:permission="com.google.firebase.auth.api.gms.permission.LAUNCH_FEDERATED_SIGN_IN"
132-->[com.google.firebase:firebase-auth:19.2.0] AndroidManifest.xml:29:13-102
133            android:theme="@android:style/Theme.Translucent.NoTitleBar" />
133-->[com.google.firebase:firebase-auth:19.2.0] AndroidManifest.xml:30:13-72
134
135        <service
135-->[com.google.firebase:firebase-auth:19.2.0] AndroidManifest.xml:33:9-39:19
136            android:name="com.google.firebase.components.ComponentDiscoveryService"
136-->[com.google.firebase:firebase-auth:19.2.0] AndroidManifest.xml:34:13-84
137            android:directBootAware="true"
137-->[com.google.firebase:firebase-common:19.3.0] AndroidManifest.xml:34:13-43
138            android:exported="false" >
138-->[com.google.firebase:firebase-auth:19.2.0] AndroidManifest.xml:35:13-37
139            <meta-data
139-->[com.google.firebase:firebase-auth:19.2.0] AndroidManifest.xml:36:13-38:85
140                android:name="com.google.firebase.components:com.google.firebase.auth.FirebaseAuthRegistrar"
140-->[com.google.firebase:firebase-auth:19.2.0] AndroidManifest.xml:37:17-109
141                android:value="com.google.firebase.components.ComponentRegistrar" />
141-->[com.google.firebase:firebase-auth:19.2.0] AndroidManifest.xml:38:17-82
142            <meta-data
142-->[com.google.firebase:firebase-messaging:20.1.0] AndroidManifest.xml:38:13-40:85
143                android:name="com.google.firebase.components:com.google.firebase.messaging.FirebaseMessagingRegistrar"
143-->[com.google.firebase:firebase-messaging:20.1.0] AndroidManifest.xml:39:17-119
144                android:value="com.google.firebase.components.ComponentRegistrar" />
144-->[com.google.firebase:firebase-messaging:20.1.0] AndroidManifest.xml:40:17-82
145            <meta-data
145-->[com.google.firebase:firebase-database:19.2.0] AndroidManifest.xml:32:13-34:85
146                android:name="com.google.firebase.components:com.google.firebase.database.DatabaseRegistrar"
146-->[com.google.firebase:firebase-database:19.2.0] AndroidManifest.xml:33:17-109
147                android:value="com.google.firebase.components.ComponentRegistrar" />
147-->[com.google.firebase:firebase-database:19.2.0] AndroidManifest.xml:34:17-82
148            <meta-data
148-->[com.google.android.gms:play-services-measurement-api:17.2.1] AndroidManifest.xml:30:13-32:85
149                android:name="com.google.firebase.components:com.google.firebase.analytics.connector.internal.AnalyticsConnectorRegistrar"
149-->[com.google.android.gms:play-services-measurement-api:17.2.1] AndroidManifest.xml:31:17-139
150                android:value="com.google.firebase.components.ComponentRegistrar" />
150-->[com.google.android.gms:play-services-measurement-api:17.2.1] AndroidManifest.xml:32:17-82
151            <meta-data
151-->[com.google.firebase:firebase-iid:20.0.2] AndroidManifest.xml:32:13-34:85
152                android:name="com.google.firebase.components:com.google.firebase.iid.Registrar"
152-->[com.google.firebase:firebase-iid:20.0.2] AndroidManifest.xml:33:17-96
153                android:value="com.google.firebase.components.ComponentRegistrar" />
153-->[com.google.firebase:firebase-iid:20.0.2] AndroidManifest.xml:34:17-82
154            <meta-data
154-->[com.google.firebase:firebase-datatransport:17.0.3] AndroidManifest.xml:28:13-30:85
155                android:name="com.google.firebase.components:com.google.firebase.datatransport.TransportRegistrar"
155-->[com.google.firebase:firebase-datatransport:17.0.3] AndroidManifest.xml:29:17-115
156                android:value="com.google.firebase.components.ComponentRegistrar" />
156-->[com.google.firebase:firebase-datatransport:17.0.3] AndroidManifest.xml:30:17-82
157        </service>
158        <!--
159             FirebaseMessagingService performs security checks at runtime,
160             but set to not exported to explicitly avoid allowing another app to call it.
161        -->
162        <service
162-->[com.google.firebase:firebase-messaging:20.1.0] AndroidManifest.xml:28:9-34:19
163            android:name="com.google.firebase.messaging.FirebaseMessagingService"
163-->[com.google.firebase:firebase-messaging:20.1.0] AndroidManifest.xml:29:13-82
164            android:exported="false" >
164-->[com.google.firebase:firebase-messaging:20.1.0] AndroidManifest.xml:30:13-37
165            <intent-filter android:priority="-500" >
165-->src\main\AndroidManifest.xml:80:13-82:29
166                <action android:name="com.google.firebase.MESSAGING_EVENT" />
166-->src\main\AndroidManifest.xml:81:17-78
166-->src\main\AndroidManifest.xml:81:25-75
167            </intent-filter>
168        </service>
169
170        <activity
170-->[com.google.android.gms:play-services-auth:17.0.0] AndroidManifest.xml:23:9-27:75
171            android:name="com.google.android.gms.auth.api.signin.internal.SignInHubActivity"
171-->[com.google.android.gms:play-services-auth:17.0.0] AndroidManifest.xml:24:13-93
172            android:excludeFromRecents="true"
172-->[com.google.android.gms:play-services-auth:17.0.0] AndroidManifest.xml:25:13-46
173            android:exported="false"
173-->[com.google.android.gms:play-services-auth:17.0.0] AndroidManifest.xml:26:13-37
174            android:theme="@android:style/Theme.Translucent.NoTitleBar" />
174-->[com.google.android.gms:play-services-auth:17.0.0] AndroidManifest.xml:27:13-72
175        <!--
176            Service handling Google Sign-In user revocation. For apps that do not integrate with
177            Google Sign-In, this service will never be started.
178        -->
179        <service
179-->[com.google.android.gms:play-services-auth:17.0.0] AndroidManifest.xml:33:9-36:110
180            android:name="com.google.android.gms.auth.api.signin.RevocationBoundService"
180-->[com.google.android.gms:play-services-auth:17.0.0] AndroidManifest.xml:34:13-89
181            android:exported="true"
181-->[com.google.android.gms:play-services-auth:17.0.0] AndroidManifest.xml:35:13-36
182            android:permission="com.google.android.gms.auth.api.signin.permission.REVOCATION_NOTIFICATION" />
182-->[com.google.android.gms:play-services-auth:17.0.0] AndroidManifest.xml:36:13-107
183
184        <receiver
184-->[com.google.firebase:firebase-iid:20.0.2] AndroidManifest.xml:37:9-44:20
185            android:name="com.google.firebase.iid.FirebaseInstanceIdReceiver"
185-->[com.google.firebase:firebase-iid:20.0.2] AndroidManifest.xml:38:13-78
186            android:exported="true"
186-->[com.google.firebase:firebase-iid:20.0.2] AndroidManifest.xml:39:13-36
187            android:permission="com.google.android.c2dm.permission.SEND" >
187-->[com.google.firebase:firebase-iid:20.0.2] AndroidManifest.xml:40:13-73
188            <intent-filter>
188-->[com.google.firebase:firebase-iid:20.0.2] AndroidManifest.xml:41:13-43:29
189                <action android:name="com.google.android.c2dm.intent.RECEIVE" />
189-->[com.google.firebase:firebase-iid:20.0.2] AndroidManifest.xml:42:17-81
189-->[com.google.firebase:firebase-iid:20.0.2] AndroidManifest.xml:42:25-78
190            </intent-filter>
191        </receiver>
192
193        <activity
193-->[com.google.android.gms:play-services-base:17.1.0] AndroidManifest.xml:23:9-26:75
194            android:name="com.google.android.gms.common.api.GoogleApiActivity"
194-->[com.google.android.gms:play-services-base:17.1.0] AndroidManifest.xml:24:13-79
195            android:exported="false"
195-->[com.google.android.gms:play-services-base:17.1.0] AndroidManifest.xml:25:13-37
196            android:theme="@android:style/Theme.Translucent.NoTitleBar" />
196-->[com.google.android.gms:play-services-base:17.1.0] AndroidManifest.xml:26:13-72
197
198        <provider
198-->[com.google.firebase:firebase-common:19.3.0] AndroidManifest.xml:26:9-30:39
199            android:name="com.google.firebase.provider.FirebaseInitProvider"
199-->[com.google.firebase:firebase-common:19.3.0] AndroidManifest.xml:27:13-77
200            android:authorities="com.yit.villaman2.firebaseinitprovider"
200-->[com.google.firebase:firebase-common:19.3.0] AndroidManifest.xml:28:13-72
201            android:exported="false"
201-->[com.google.firebase:firebase-common:19.3.0] AndroidManifest.xml:29:13-37
202            android:initOrder="100" />
202-->[com.google.firebase:firebase-common:19.3.0] AndroidManifest.xml:30:13-36
203
204        <receiver
204-->[com.google.android.gms:play-services-measurement:17.2.1] AndroidManifest.xml:29:9-33:20
205            android:name="com.google.android.gms.measurement.AppMeasurementReceiver"
205-->[com.google.android.gms:play-services-measurement:17.2.1] AndroidManifest.xml:30:13-85
206            android:enabled="true"
206-->[com.google.android.gms:play-services-measurement:17.2.1] AndroidManifest.xml:31:13-35
207            android:exported="false" >
207-->[com.google.android.gms:play-services-measurement:17.2.1] AndroidManifest.xml:32:13-37
208        </receiver>
209        <receiver
209-->[com.google.android.gms:play-services-measurement:17.2.1] AndroidManifest.xml:34:9-42:20
210            android:name="com.google.android.gms.measurement.AppMeasurementInstallReferrerReceiver"
210-->[com.google.android.gms:play-services-measurement:17.2.1] AndroidManifest.xml:35:13-100
211            android:enabled="true"
211-->[com.google.android.gms:play-services-measurement:17.2.1] AndroidManifest.xml:36:13-35
212            android:exported="true"
212-->[com.google.android.gms:play-services-measurement:17.2.1] AndroidManifest.xml:37:13-36
213            android:permission="android.permission.INSTALL_PACKAGES" >
213-->[com.google.android.gms:play-services-measurement:17.2.1] AndroidManifest.xml:38:13-69
214            <intent-filter>
214-->[com.google.android.gms:play-services-measurement:17.2.1] AndroidManifest.xml:39:13-41:29
215                <action android:name="com.android.vending.INSTALL_REFERRER" />
215-->[com.google.android.gms:play-services-measurement:17.2.1] AndroidManifest.xml:40:17-79
215-->[com.google.android.gms:play-services-measurement:17.2.1] AndroidManifest.xml:40:25-76
216            </intent-filter>
217        </receiver>
218
219        <service
219-->[com.google.android.gms:play-services-measurement:17.2.1] AndroidManifest.xml:44:9-47:40
220            android:name="com.google.android.gms.measurement.AppMeasurementService"
220-->[com.google.android.gms:play-services-measurement:17.2.1] AndroidManifest.xml:45:13-84
221            android:enabled="true"
221-->[com.google.android.gms:play-services-measurement:17.2.1] AndroidManifest.xml:46:13-35
222            android:exported="false" />
222-->[com.google.android.gms:play-services-measurement:17.2.1] AndroidManifest.xml:47:13-37
223        <service
223-->[com.google.android.gms:play-services-measurement:17.2.1] AndroidManifest.xml:48:9-52:72
224            android:name="com.google.android.gms.measurement.AppMeasurementJobService"
224-->[com.google.android.gms:play-services-measurement:17.2.1] AndroidManifest.xml:49:13-87
225            android:enabled="true"
225-->[com.google.android.gms:play-services-measurement:17.2.1] AndroidManifest.xml:50:13-35
226            android:exported="false"
226-->[com.google.android.gms:play-services-measurement:17.2.1] AndroidManifest.xml:51:13-37
227            android:permission="android.permission.BIND_JOB_SERVICE" />
227-->[com.google.android.gms:play-services-measurement:17.2.1] AndroidManifest.xml:52:13-69
228
229        <meta-data
229-->[com.google.android.gms:play-services-basement:17.0.0] AndroidManifest.xml:23:9-25:69
230            android:name="com.google.android.gms.version"
230-->[com.google.android.gms:play-services-basement:17.0.0] AndroidManifest.xml:24:13-58
231            android:value="@integer/google_play_services_version" />
231-->[com.google.android.gms:play-services-basement:17.0.0] AndroidManifest.xml:25:13-66
232
233        <service
233-->[com.google.android.datatransport:transport-backend-cct:2.2.0] AndroidManifest.xml:29:9-35:19
234            android:name="com.google.android.datatransport.runtime.backends.TransportBackendDiscovery"
234-->[com.google.android.datatransport:transport-backend-cct:2.2.0] AndroidManifest.xml:30:13-103
235            android:exported="false" >
235-->[com.google.android.datatransport:transport-backend-cct:2.2.0] AndroidManifest.xml:31:13-37
236            <meta-data
236-->[com.google.android.datatransport:transport-backend-cct:2.2.0] AndroidManifest.xml:32:13-34:39
237                android:name="backend:com.google.android.datatransport.cct.CctBackendFactory"
237-->[com.google.android.datatransport:transport-backend-cct:2.2.0] AndroidManifest.xml:33:17-94
238                android:value="cct" />
238-->[com.google.android.datatransport:transport-backend-cct:2.2.0] AndroidManifest.xml:34:17-36
239        </service>
240        <service
240-->[com.google.android.datatransport:transport-runtime:2.2.0] AndroidManifest.xml:26:9-30:19
241            android:name="com.google.android.datatransport.runtime.scheduling.jobscheduling.JobInfoSchedulerService"
241-->[com.google.android.datatransport:transport-runtime:2.2.0] AndroidManifest.xml:27:13-117
242            android:exported="false"
242-->[com.google.android.datatransport:transport-runtime:2.2.0] AndroidManifest.xml:28:13-37
243            android:permission="android.permission.BIND_JOB_SERVICE" >
243-->[com.google.android.datatransport:transport-runtime:2.2.0] AndroidManifest.xml:29:13-69
244        </service>
245
246        <receiver
246-->[com.google.android.datatransport:transport-runtime:2.2.0] AndroidManifest.xml:32:9-34:40
247            android:name="com.google.android.datatransport.runtime.scheduling.jobscheduling.AlarmManagerSchedulerBroadcastReceiver"
247-->[com.google.android.datatransport:transport-runtime:2.2.0] AndroidManifest.xml:33:13-132
248            android:exported="false" />
248-->[com.google.android.datatransport:transport-runtime:2.2.0] AndroidManifest.xml:34:13-37
249    </application>
250
251</manifest>